============================= test session starts =============================
platform win32 -- Python 3.13.11, pytest-9.0.3, pluggy-1.6.0 -- C:\Users\jeffbis\AppData\Local\Python\pythoncore-3.13-64\python.exe
cachedir: .pytest_cache
rootdir: D:\code\glow\web
configfile: pyproject.toml
plugins: cov-7.1.0
collecting ... collected 146 items

tests/test_ai_feature_gates.py::test_get_all_flags_respects_master_and_per_feature_env PASSED [  0%]
tests/test_ai_feature_gates.py::test_get_all_flags_master_off_disables_everything PASSED [  1%]
tests/test_ai_feature_gates.py::test_process_available_actions_hide_ai_when_gated PASSED [  2%]
tests/test_ai_feature_gates.py::test_process_submit_rejects_audio_when_whisperer_is_gated PASSED [  2%]
tests/test_ai_feature_gates.py::test_home_hides_gated_ai_entry_points PASSED [  3%]
tests/test_ai_feature_gates.py::test_whisperer_form_returns_404_when_feature_is_gated PASSED [  4%]
tests/test_ai_feature_gates.py::test_fix_parse_form_options_disables_ai_when_heading_fix_is_gated PASSED [  4%]
tests/test_customization_warning.py::test_detect_fix_customizations_ignores_default_fix_options PASSED [  5%]
tests/test_customization_warning.py::test_detect_fix_customizations_flags_non_default_list_indent PASSED [  6%]
tests/test_customization_warning.py::test_generate_customization_warning_uses_plain_paragraphs_without_hard_wraps PASSED [  6%]
tests/test_fix_routes.py::TestFixForm::test_fix_form_loads PASSED        [  7%]
tests/test_fix_routes.py::TestFixForm::test_fix_form_shows_ai_checkbox_when_available PASSED [  8%]
tests/test_fix_routes.py::TestFixSubmitErrors::test_no_file PASSED       [  8%]
tests/test_fix_routes.py::TestFixSubmitErrors::test_wrong_extension PASSED [  9%]
tests/test_fix_routes.py::TestFixSubmitErrors::test_corrupt_docx PASSED  [ 10%]
tests/test_fix_routes.py::TestFixSubmitBasic::test_fix_docx_returns_result PASSED [ 10%]
tests/test_fix_routes.py::TestFixConfirm::test_confirm_expired_token PASSED [ 11%]
tests/test_fix_routes.py::TestFixConfirm::test_confirm_invalid_token_format PASSED [ 12%]
tests/test_fix_routes.py::TestFixDownload::test_download_expired_token PASSED [ 13%]
tests/test_fix_routes.py::TestFixDownload::test_download_missing_file PASSED [ 13%]
tests/test_fix_routes.py::TestParseFormOptions::test_defaults PASSED     [ 14%]
tests/test_fix_routes.py::TestParseFormOptions::test_bound_on PASSED     [ 15%]
tests/test_fix_routes.py::TestParseFormOptions::test_flush_lists PASSED  [ 15%]
tests/test_fix_routes.py::TestParseFormOptions::test_heading_threshold_clamped PASSED [ 16%]
tests/test_fix_routes.py::TestParseFormOptions::test_heading_threshold_invalid PASSED [ 17%]
tests/test_fix_routes.py::TestParseFormOptions::test_list_indent_clamped PASSED [ 17%]
tests/test_fix_routes.py::TestParseFormOptions::test_detect_headings_on PASSED [ 18%]
tests/test_fix_routes.py::test_fix_result_shows_suppressed_rules_note PASSED [ 19%]
tests/test_fix_routes.py::test_fix_result_shows_page_growth_warning_for_small_text PASSED [ 19%]
tests/test_fix_routes.py::test_fix_result_customization_warning_renders_without_literal_br_tags PASSED [ 20%]
tests/test_fix_routes.py::test_fix_form_list_indent_fields_visible_and_disabled_by_default PASSED [ 21%]
tests/test_fix_routes.py::test_fix_result_suppresses_heading_alignment_when_preserve_enabled PASSED [ 21%]
tests/test_fix_routes.py::test_parse_form_options_supports_per_level_list_indents PASSED [ 22%]
tests/test_fix_routes.py::test_parse_form_options_supports_allowed_heading_levels PASSED [ 23%]
tests/test_app.py::TestPageLoads::test_home PASSED                       [ 23%]
tests/test_app.py::TestPageLoads::test_audit_form PASSED                 [ 24%]
tests/test_app.py::TestPageLoads::test_fix_form PASSED                   [ 25%]
tests/test_app.py::TestPageLoads::test_template_form PASSED              [ 26%]
tests/test_app.py::TestPageLoads::test_export_form PASSED                [ 26%]
tests/test_app.py::TestPageLoads::test_guidelines PASSED                 [ 27%]
tests/test_app.py::TestPageLoads::test_feedback_form PASSED              [ 28%]
tests/test_app.py::TestPageLoads::test_faq_page PASSED                   [ 28%]
tests/test_app.py::TestPageLoads::test_settings_page PASSED              [ 29%]
tests/test_app.py::TestPageLoads::test_guide_mentions_stress_testing PASSED [ 30%]
tests/test_app.py::TestPageLoads::test_about_mentions_stress_harness PASSED [ 30%]
tests/test_app.py::TestPageLoads::test_health PASSED                     [ 31%]
tests/test_app.py::TestWhispererProgress::test_whisperer_estimate_uses_metadata_when_available SKIPPED [ 32%]
tests/test_app.py::TestWhispererProgress::test_whisperer_estimate_falls_back_to_size SKIPPED [ 32%]
tests/test_app.py::TestWhispererProgress::test_whisperer_estimate_page_preserves_token_for_start SKIPPED [ 33%]
tests/test_app.py::TestWhispererProgress::test_whisperer_background_progress_and_download SKIPPED [ 34%]
tests/test_app.py::TestWhispererProgress::test_whisperer_requires_estimate_ack SKIPPED [ 34%]
tests/test_app.py::TestWhispererProgress::test_whisperer_rejects_audio_above_duration_limit SKIPPED [ 35%]
tests/test_app.py::TestWhispererProgress::test_background_opt_in_requires_email_service SKIPPED [ 36%]
tests/test_app.py::TestWhispererProgress::test_background_secure_retrieve_requires_password SKIPPED [ 36%]
tests/test_app.py::TestAdminAuth::test_admin_login_page_loads PASSED     [ 37%]
tests/test_app.py::TestAdminAuth::test_admin_request_access_requires_email_config PASSED [ 38%]
tests/test_app.py::TestAdminAuth::test_admin_magic_link_sign_in_for_bootstrap_admin PASSED [ 39%]
tests/test_app.py::TestErrors::test_404 PASSED                           [ 39%]
tests/test_app.py::TestErrors::test_audit_no_file PASSED                 [ 40%]
tests/test_app.py::TestErrors::test_fix_no_file PASSED                   [ 41%]
tests/test_app.py::TestErrors::test_audit_wrong_extension PASSED         [ 41%]
tests/test_app.py::TestErrors::test_fix_wrong_extension PASSED           [ 42%]
tests/test_app.py::TestErrors::test_audit_corrupt_file PASSED            [ 43%]
tests/test_app.py::TestFeedback::test_submit_feedback PASSED             [ 43%]
tests/test_app.py::TestFeedback::test_submit_feedback_missing_rating PASSED [ 44%]
tests/test_app.py::TestFeedback::test_submit_feedback_missing_message PASSED [ 45%]
tests/test_app.py::TestFeedback::test_review_no_password_configured PASSED [ 45%]
tests/test_app.py::TestFeedback::test_review_wrong_password PASSED       [ 46%]
tests/test_app.py::TestFeedback::test_review_correct_password PASSED     [ 47%]
tests/test_app.py::TestAccessibility::test_all_pages_have_lang PASSED    [ 47%]
tests/test_app.py::TestAccessibility::test_all_pages_have_main_landmark PASSED [ 48%]
tests/test_app.py::TestAccessibility::test_nav_has_aria_label PASSED     [ 49%]
tests/test_app.py::TestAccessibility::test_footer_has_role PASSED        [ 50%]
tests/test_app.py::TestAccessibility::test_bits_renamed_to_solutions PASSED [ 50%]
tests/test_app.py::TestAuditIntegration::test_audit_full_mode PASSED     [ 51%]
tests/test_app.py::TestAuditIntegration::test_audit_quick_mode PASSED    [ 52%]
tests/test_app.py::TestAuditIntegration::test_audit_form_has_standards_profile_controls PASSED [ 52%]
tests/test_app.py::TestAuditIntegration::test_audit_profile_label_shows_in_report PASSED [ 53%]
tests/test_app.py::TestTemplateGeneration::test_generate_template PASSED [ 54%]
tests/test_app.py::TestTemplateGeneration::test_template_form_has_standards_profile_controls PASSED [ 54%]
tests/test_app.py::TestTemplateGeneration::test_generate_template_aph_profile PASSED [ 55%]
tests/test_app.py::TestTemplateGeneration::test_generate_template_with_restricted_heading_levels PASSED [ 56%]
tests/test_app.py::TestMultiFormatAudit::test_audit_xlsx PASSED          [ 56%]
tests/test_app.py::TestMultiFormatAudit::test_audit_pptx PASSED          [ 57%]
tests/test_app.py::TestMultiFormatAudit::test_audit_xlsx_quick_mode PASSED [ 58%]
tests/test_app.py::TestMultiFormatAudit::test_audit_pptx_quick_mode PASSED [ 58%]
tests/test_app.py::TestMultiFormatAudit::test_corrupt_xlsx_rejected PASSED [ 59%]
tests/test_app.py::TestMultiFormatAudit::test_corrupt_pptx_rejected PASSED [ 60%]
tests/test_app.py::TestAccessibilityExtended::test_skip_link_present PASSED [ 60%]
tests/test_app.py::TestAccessibilityExtended::test_home_shows_all_three_formats PASSED [ 61%]
tests/test_app.py::TestAccessibilityExtended::test_home_has_settings_tile_and_tab_descriptions PASSED [ 62%]
tests/test_app.py::TestAccessibilityExtended::test_audit_form_accepts_all_formats PASSED [ 63%]
tests/test_app.py::TestAccessibilityExtended::test_flash_error_has_text_prefix PASSED [ 63%]
tests/test_app.py::TestAccessibilityExtended::test_format_tags_in_rule_list PASSED [ 64%]
tests/test_app.py::TestAccessibilityExtended::test_severity_badges_have_text PASSED [ 65%]
tests/test_app.py::TestAboutPage::test_about_page_loads PASSED           [ 65%]
tests/test_app.py::TestAboutPage::test_about_has_lang PASSED             [ 66%]
tests/test_app.py::TestAboutPage::test_about_has_main_landmark PASSED    [ 67%]
tests/test_app.py::TestAboutPage::test_about_mentions_markitdown PASSED  [ 67%]
tests/test_app.py::TestConvertPage::test_convert_form_loads PASSED       [ 68%]
tests/test_app.py::TestConvertPage::test_convert_has_lang PASSED         [ 69%]
tests/test_app.py::TestConvertPage::test_convert_has_main_landmark PASSED [ 69%]
tests/test_app.py::TestConvertPage::test_convert_no_file PASSED          [ 70%]
tests/test_app.py::TestConvertPage::test_convert_wrong_extension PASSED  [ 71%]
tests/test_app.py::TestConvertPage::test_convert_docx_returns_markdown PASSED [ 71%]
tests/test_app.py::TestConvertPage::test_convert_xlsx_returns_markdown PASSED [ 72%]
tests/test_app.py::TestConvertPage::test_convert_form_has_direction_radios PASSED [ 73%]
tests/test_app.py::TestConvertPage::test_convert_to_html_md_file PASSED  [ 73%]
tests/test_app.py::TestConvertPage::test_convert_to_html_unsupported_ext PASSED [ 74%]
tests/test_app.py::TestConvertPage::test_convert_rst_accepted PASSED     [ 75%]
tests/test_app.py::TestMarkdownAudit::test_audit_markdown_full PASSED    [ 76%]
tests/test_app.py::TestMarkdownAudit::test_audit_markdown_quick PASSED   [ 76%]
tests/test_app.py::TestMarkdownAudit::test_fix_markdown_returns_warning PASSED [ 77%]
tests/test_app.py::TestFixIntegration::test_fix_form_has_standards_profile_controls PASSED [ 78%]
tests/test_app.py::TestFixIntegration::test_fix_profile_label_shows_in_results PASSED [ 78%]
tests/test_app.py::TestSettingsIntegration::test_settings_page_has_profile_and_advanced_defaults PASSED [ 79%]
tests/test_app.py::TestPdfAudit::test_audit_pdf_full PASSED              [ 80%]
tests/test_app.py::TestPdfAudit::test_audit_pdf_quick PASSED             [ 80%]
tests/test_app.py::TestPdfAudit::test_corrupt_pdf_rejected PASSED        [ 81%]
tests/test_app.py::TestPdfAudit::test_fix_pdf_returns_warning PASSED     [ 82%]
tests/test_app.py::TestRulesHelpUrls::test_help_urls_map_not_empty PASSED [ 82%]
tests/test_app.py::TestRulesHelpUrls::test_help_urls_contain_valid_dicts PASSED [ 83%]
tests/test_app.py::TestRulesHelpUrls::test_wcag_rules_have_w3c_urls PASSED [ 84%]
tests/test_app.py::TestUploadValidation::test_md_extension_accepted PASSED [ 84%]
tests/test_app.py::TestUploadValidation::test_pdf_extension_accepted PASSED [ 85%]
tests/test_app.py::TestUploadValidation::test_home_shows_md_and_pdf_formats PASSED [ 86%]
tests/test_app.py::TestUploadValidation::test_audit_form_accepts_md_and_pdf PASSED [ 86%]
tests/test_app.py::TestEpubAudit::test_audit_epub_full PASSED            [ 87%]
tests/test_app.py::TestEpubAudit::test_audit_epub_quick PASSED           [ 88%]
tests/test_app.py::TestEpubAudit::test_corrupt_epub_rejected PASSED      [ 89%]
tests/test_app.py::TestEpubAudit::test_fix_epub_returns_warning PASSED   [ 89%]
tests/test_app.py::TestEpubAudit::test_epub_auditor_finds_missing_metadata PASSED [ 90%]
tests/test_app.py::TestPipelineConversion::test_convert_form_shows_pipeline_when_available PASSED [ 91%]
tests/test_app.py::TestPipelineConversion::test_convert_form_hides_pipeline_when_unavailable PASSED [ 91%]
tests/test_app.py::TestPipelineConversion::test_pipeline_not_installed_returns_error PASSED [ 92%]
tests/test_app.py::TestPipelineConversion::test_pipeline_invalid_conversion_key PASSED [ 93%]
tests/test_app.py::TestPipelineConversion::test_pipeline_html_to_epub_success PASSED [ 93%]
tests/test_app.py::TestPipelineConversion::test_pipeline_epub_to_daisy_returns_zip PASSED [ 94%]
tests/test_app.py::TestPipelineConversion::test_pipeline_legacy_direction_format PASSED [ 95%]
tests/test_app.py::TestPipelineConverterUnit::test_pipeline_conversions_dict_complete PASSED [ 95%]
tests/test_app.py::TestPipelineConverterUnit::test_pipeline_input_extensions PASSED [ 96%]
tests/test_app.py::TestPipelineConverterUnit::test_pipeline_available_returns_bool PASSED [ 97%]
tests/test_app.py::TestPipelineConverterUnit::test_convert_with_pipeline_missing_file PASSED [ 97%]
tests/test_app.py::TestPipelineConverterUnit::test_convert_with_pipeline_bad_key PASSED [ 98%]
tests/test_app.py::TestPipelineConverterUnit::test_convert_with_pipeline_wrong_extension PASSED [ 99%]
tests/test_app.py::TestPipelineConverterUnit::test_convert_with_pipeline_not_installed PASSED [100%]

================= 138 passed, 8 skipped in 157.10s (0:02:37) ==================
